[2026-03-26 08:32:32]  ============================================================
[2026-03-26 08:32:32]  Report generator started
[2026-03-26 08:32:32]    BASE_DIR : C:\Codes\final_etl
[2026-03-26 08:32:32]    CSV_PATH : C:\Codes\final_etl\nepse_data\live_feed.csv
[2026-03-26 08:32:32]    OUT_DIR  : C:\Codes\final_etl\nepse_data\reports
[2026-03-26 08:32:32]  ============================================================
[2026-03-26 08:32:32]  STEP 0 OK — output dirs created
[2026-03-26 08:32:32]  STEP 1 — loading and transforming CSV ...
[2026-03-26 08:32:32]  Loaded 16 rows for 5 symbol(s) — 2026-03-26
[2026-03-26 08:32:32]  STEP 1 OK — 16 rows, 5 symbol(s): ['ADBL', 'NABIL', 'NICA', 'NTC', 'SCB']
[2026-03-26 08:32:32]  STEP 2 — generating charts ...
[2026-03-26 08:32:32]    Plotting ADBL ...
[2026-03-26 08:32:32]      ADBL summary: open=332.0 close=330.0 change=-2.00 polls=3
[2026-03-26 08:32:33]    Chart saved -> C:\Codes\final_etl\nepse_data\reports\charts\ADBL_chart.png
[2026-03-26 08:32:33]    STEP 2 OK — ADBL chart saved
[2026-03-26 08:32:33]    Plotting NABIL ...
[2026-03-26 08:32:33]      NABIL summary: open=540.5 close=540.0 change=-0.50 polls=4
[2026-03-26 08:32:33]    Chart saved -> C:\Codes\final_etl\nepse_data\reports\charts\NABIL_chart.png
[2026-03-26 08:32:33]    STEP 2 OK — NABIL chart saved
[2026-03-26 08:32:33]    Plotting NICA ...
[2026-03-26 08:32:33]      NICA summary: open=397.0 close=398.9 change=+1.90 polls=3
[2026-03-26 08:32:33]    Chart saved -> C:\Codes\final_etl\nepse_data\reports\charts\NICA_chart.png
[2026-03-26 08:32:33]    STEP 2 OK — NICA chart saved
[2026-03-26 08:32:33]    Plotting NTC ...
[2026-03-26 08:32:33]      NTC summary: open=900.4 close=900.0 change=-0.40 polls=3
[2026-03-26 08:32:33]    Chart saved -> C:\Codes\final_etl\nepse_data\reports\charts\NTC_chart.png
[2026-03-26 08:32:33]    STEP 2 OK — NTC chart saved
[2026-03-26 08:32:33]    Plotting SCB ...
[2026-03-26 08:32:33]      SCB summary: open=676.2 close=676.0 change=-0.20 polls=3
[2026-03-26 08:32:33]    Chart saved -> C:\Codes\final_etl\nepse_data\reports\charts\SCB_chart.png
[2026-03-26 08:32:33]    STEP 2 OK — SCB chart saved
[2026-03-26 08:32:33]  STEP 3 — building PDF ...
[2026-03-26 08:32:33]    PDF path: C:\Codes\final_etl\nepse_data\reports\NEPSE_Report_2026-03-26.pdf
[2026-03-26 08:32:33]  PDF saved → C:\Codes\final_etl\nepse_data\reports\NEPSE_Report_2026-03-26.pdf
[2026-03-26 08:32:33]  STEP 3 OK — PDF built: C:\Codes\final_etl\nepse_data\reports\NEPSE_Report_2026-03-26.pdf
[2026-03-26 08:32:33]  STEP 4 — sending email ...
[2026-03-26 08:32:33]  EMAIL SKIPPED — placeholders not filled in.
[2026-03-26 08:32:33]    Edit EMAIL_SENDER, EMAIL_PASSWORD, EMAIL_RECEIVER in report.py
[2026-03-26 08:32:33]  STEP 4 OK — email step complete
[2026-03-26 08:32:33]  ============================================================
[2026-03-26 08:32:33]  Report generation complete.
[2026-03-26 08:32:33]  ============================================================
[2026-03-26 08:34:36]  ============================================================
[2026-03-26 08:34:36]  Report generator started
[2026-03-26 08:34:36]    BASE_DIR : C:\Codes\final_etl
[2026-03-26 08:34:36]    CSV_PATH : C:\Codes\final_etl\nepse_data\live_feed.csv
[2026-03-26 08:34:36]    OUT_DIR  : C:\Codes\final_etl\nepse_data\reports
[2026-03-26 08:34:36]  ============================================================
[2026-03-26 08:34:36]  STEP 0 OK — output dirs created
[2026-03-26 08:34:36]  STEP 1 — loading and transforming CSV ...
[2026-03-26 08:34:36]  Loaded 16 rows for 5 symbol(s) — 2026-03-26
[2026-03-26 08:34:36]  STEP 1 OK — 16 rows, 5 symbol(s): ['ADBL', 'NABIL', 'NICA', 'NTC', 'SCB']
[2026-03-26 08:34:36]  STEP 2 — generating charts ...
[2026-03-26 08:34:36]    Plotting ADBL ...
[2026-03-26 08:34:36]      ADBL summary: open=332.0 close=330.0 change=-2.00 polls=3
[2026-03-26 08:34:36]    Chart saved -> C:\Codes\final_etl\nepse_data\reports\charts\ADBL_chart.png
[2026-03-26 08:34:36]    STEP 2 OK — ADBL chart saved
[2026-03-26 08:34:36]    Plotting NABIL ...
[2026-03-26 08:34:36]      NABIL summary: open=540.5 close=540.0 change=-0.50 polls=4
[2026-03-26 08:34:37]    Chart saved -> C:\Codes\final_etl\nepse_data\reports\charts\NABIL_chart.png
[2026-03-26 08:34:37]    STEP 2 OK — NABIL chart saved
[2026-03-26 08:34:37]    Plotting NICA ...
[2026-03-26 08:34:37]      NICA summary: open=397.0 close=398.9 change=+1.90 polls=3
[2026-03-26 08:34:37]    Chart saved -> C:\Codes\final_etl\nepse_data\reports\charts\NICA_chart.png
[2026-03-26 08:34:37]    STEP 2 OK — NICA chart saved
[2026-03-26 08:34:37]    Plotting NTC ...
[2026-03-26 08:34:37]      NTC summary: open=900.4 close=900.0 change=-0.40 polls=3
[2026-03-26 08:34:37]    Chart saved -> C:\Codes\final_etl\nepse_data\reports\charts\NTC_chart.png
[2026-03-26 08:34:37]    STEP 2 OK — NTC chart saved
[2026-03-26 08:34:37]    Plotting SCB ...
[2026-03-26 08:34:37]      SCB summary: open=676.2 close=676.0 change=-0.20 polls=3
[2026-03-26 08:34:37]    Chart saved -> C:\Codes\final_etl\nepse_data\reports\charts\SCB_chart.png
[2026-03-26 08:34:37]    STEP 2 OK — SCB chart saved
[2026-03-26 08:34:37]  STEP 3 — building PDF ...
[2026-03-26 08:34:37]    PDF path: C:\Codes\final_etl\nepse_data\reports\NEPSE_Report_2026-03-26.pdf
[2026-03-26 08:34:37]  PDF saved → C:\Codes\final_etl\nepse_data\reports\NEPSE_Report_2026-03-26.pdf
[2026-03-26 08:34:37]  STEP 3 OK — PDF built: C:\Codes\final_etl\nepse_data\reports\NEPSE_Report_2026-03-26.pdf
[2026-03-26 08:34:37]  STEP 4 — sending email ...
[2026-03-26 08:34:37]    Preparing email to joshinabin132@gmail.com ...
[2026-03-26 08:34:37]    Attaching PDF: NEPSE_Report_2026-03-26.pdf ...
[2026-03-26 08:34:37]    PDF attached successfully.
[2026-03-26 08:34:37]    Connecting to smtp.gmail.com:587 ...
[2026-03-26 08:34:39]    EHLO OK
[2026-03-26 08:34:39]    STARTTLS OK
[2026-03-26 08:34:40]    SMTP AUTH FAILED: (535, b'5.7.8 Username and Password not accepted. For more information, go to\n5.7.8  https://support.google.com/mail/?p=BadCredentials d2e1a72fcca58-82c7d5d89b5sm1007842b3a.41 - gsmtp')
[2026-03-26 08:34:40]    → Check EMAIL_SENDER and EMAIL_PASSWORD in report.py
[2026-03-26 08:34:40]    → Make sure you used an App Password, not your Gmail password
[2026-03-26 08:34:40]  STEP 4 OK — email step complete
[2026-03-26 08:34:40]  ============================================================
[2026-03-26 08:34:40]  Report generation complete.
[2026-03-26 08:34:40]  ============================================================
[2026-03-26 08:35:28]  ============================================================
[2026-03-26 08:35:28]  Report generator started
[2026-03-26 08:35:28]    BASE_DIR : C:\Codes\final_etl
[2026-03-26 08:35:28]    CSV_PATH : C:\Codes\final_etl\nepse_data\live_feed.csv
[2026-03-26 08:35:28]    OUT_DIR  : C:\Codes\final_etl\nepse_data\reports
[2026-03-26 08:35:28]  ============================================================
[2026-03-26 08:35:28]  STEP 0 OK — output dirs created
[2026-03-26 08:35:28]  STEP 1 — loading and transforming CSV ...
[2026-03-26 08:35:28]  Loaded 16 rows for 5 symbol(s) — 2026-03-26
[2026-03-26 08:35:28]  STEP 1 OK — 16 rows, 5 symbol(s): ['ADBL', 'NABIL', 'NICA', 'NTC', 'SCB']
[2026-03-26 08:35:28]  STEP 2 — generating charts ...
[2026-03-26 08:35:28]    Plotting ADBL ...
[2026-03-26 08:35:28]      ADBL summary: open=332.0 close=330.0 change=-2.00 polls=3
[2026-03-26 08:35:28]    Chart saved -> C:\Codes\final_etl\nepse_data\reports\charts\ADBL_chart.png
[2026-03-26 08:35:28]    STEP 2 OK — ADBL chart saved
[2026-03-26 08:35:28]    Plotting NABIL ...
[2026-03-26 08:35:28]      NABIL summary: open=540.5 close=540.0 change=-0.50 polls=4
[2026-03-26 08:35:28]    Chart saved -> C:\Codes\final_etl\nepse_data\reports\charts\NABIL_chart.png
[2026-03-26 08:35:28]    STEP 2 OK — NABIL chart saved
[2026-03-26 08:35:28]    Plotting NICA ...
[2026-03-26 08:35:28]      NICA summary: open=397.0 close=398.9 change=+1.90 polls=3
[2026-03-26 08:35:28]    Chart saved -> C:\Codes\final_etl\nepse_data\reports\charts\NICA_chart.png
[2026-03-26 08:35:28]    STEP 2 OK — NICA chart saved
[2026-03-26 08:35:28]    Plotting NTC ...
[2026-03-26 08:35:28]      NTC summary: open=900.4 close=900.0 change=-0.40 polls=3
[2026-03-26 08:35:29]    Chart saved -> C:\Codes\final_etl\nepse_data\reports\charts\NTC_chart.png
[2026-03-26 08:35:29]    STEP 2 OK — NTC chart saved
[2026-03-26 08:35:29]    Plotting SCB ...
[2026-03-26 08:35:29]      SCB summary: open=676.2 close=676.0 change=-0.20 polls=3
[2026-03-26 08:35:29]    Chart saved -> C:\Codes\final_etl\nepse_data\reports\charts\SCB_chart.png
[2026-03-26 08:35:29]    STEP 2 OK — SCB chart saved
[2026-03-26 08:35:29]  STEP 3 — building PDF ...
[2026-03-26 08:35:29]    PDF path: C:\Codes\final_etl\nepse_data\reports\NEPSE_Report_2026-03-26.pdf
[2026-03-26 08:35:29]  PDF saved → C:\Codes\final_etl\nepse_data\reports\NEPSE_Report_2026-03-26.pdf
[2026-03-26 08:35:29]  STEP 3 OK — PDF built: C:\Codes\final_etl\nepse_data\reports\NEPSE_Report_2026-03-26.pdf
[2026-03-26 08:35:29]  STEP 4 — sending email ...
[2026-03-26 08:35:29]    Preparing email to joshinabin132@gmail.com ...
[2026-03-26 08:35:29]    Attaching PDF: NEPSE_Report_2026-03-26.pdf ...
[2026-03-26 08:35:29]    PDF attached successfully.
[2026-03-26 08:35:29]    Connecting to smtp.gmail.com:587 ...
[2026-03-26 08:35:30]    EHLO OK
[2026-03-26 08:35:31]    STARTTLS OK
[2026-03-26 08:35:31]    Login OK as 080bct046@ioepc.edu.np
[2026-03-26 08:35:35]    Email sent successfully to joshinabin132@gmail.com
[2026-03-26 08:35:35]  STEP 4 OK — email step complete
[2026-03-26 08:35:35]  ============================================================
[2026-03-26 08:35:35]  Report generation complete.
[2026-03-26 08:35:35]  ============================================================
[2026-03-26 08:40:27]  ============================================================
[2026-03-26 08:40:27]  Report generator started
[2026-03-26 08:40:27]    BASE_DIR : C:\Codes\final_etl
[2026-03-26 08:40:27]    CSV_PATH : C:\Codes\final_etl\nepse_data\live_feed.csv
[2026-03-26 08:40:27]    OUT_DIR  : C:\Codes\final_etl\nepse_data\reports
[2026-03-26 08:40:27]  ============================================================
[2026-03-26 08:40:27]  STEP 0 OK — output dirs created
[2026-03-26 08:40:27]  STEP 1 — loading and transforming CSV ...
[2026-03-26 08:40:27]  STEP 1 FAILED — unexpected error in load_today: second must be in 0..59, not 88: 2026-03-26 14:35:88
[2026-03-26 08:40:27]  Traceback (most recent call last):

[2026-03-26 08:41:49]  ============================================================
[2026-03-26 08:41:49]  Report generator started
[2026-03-26 08:41:49]    BASE_DIR : C:\Codes\final_etl
[2026-03-26 08:41:49]    CSV_PATH : C:\Codes\final_etl\nepse_data\live_feed.csv
[2026-03-26 08:41:49]    OUT_DIR  : C:\Codes\final_etl\nepse_data\reports
[2026-03-26 08:41:49]  ============================================================
[2026-03-26 08:41:49]  STEP 0 OK — output dirs created
[2026-03-26 08:41:49]  STEP 1 — loading and transforming CSV ...
[2026-03-26 08:41:49]  Loaded 30 rows for 5 symbol(s) — 2026-03-26
[2026-03-26 08:41:49]  STEP 1 OK — 30 rows, 5 symbol(s): ['ADBL', 'NABIL', 'NICA', 'NTC', 'SCB']
[2026-03-26 08:41:49]  STEP 2 — generating charts ...
[2026-03-26 08:41:49]    Plotting ADBL ...
[2026-03-26 08:41:49]      ADBL summary: open=333.2 close=329.5 change=-3.70 polls=6
[2026-03-26 08:41:49]    Chart saved -> C:\Codes\final_etl\nepse_data\reports\charts\ADBL_chart.png
[2026-03-26 08:41:49]    STEP 2 OK — ADBL chart saved
[2026-03-26 08:41:49]    Plotting NABIL ...
[2026-03-26 08:41:49]      NABIL summary: open=541.0 close=540.0 change=-1.00 polls=6
[2026-03-26 08:41:49]    Chart saved -> C:\Codes\final_etl\nepse_data\reports\charts\NABIL_chart.png
[2026-03-26 08:41:49]    STEP 2 OK — NABIL chart saved
[2026-03-26 08:41:49]    Plotting NICA ...
[2026-03-26 08:41:49]      NICA summary: open=396.4 close=399.2 change=+2.80 polls=6
[2026-03-26 08:41:49]    Chart saved -> C:\Codes\final_etl\nepse_data\reports\charts\NICA_chart.png
[2026-03-26 08:41:49]    STEP 2 OK — NICA chart saved
[2026-03-26 08:41:49]    Plotting NTC ...
[2026-03-26 08:41:49]      NTC summary: open=902.2 close=899.8 change=-2.40 polls=6
[2026-03-26 08:41:49]    Chart saved -> C:\Codes\final_etl\nepse_data\reports\charts\NTC_chart.png
[2026-03-26 08:41:49]    STEP 2 OK — NTC chart saved
[2026-03-26 08:41:50]    Plotting SCB ...
[2026-03-26 08:41:50]      SCB summary: open=677.0 close=675.8 change=-1.20 polls=6
[2026-03-26 08:41:50]    Chart saved -> C:\Codes\final_etl\nepse_data\reports\charts\SCB_chart.png
[2026-03-26 08:41:50]    STEP 2 OK — SCB chart saved
[2026-03-26 08:41:50]  STEP 3 — building PDF ...
[2026-03-26 08:41:50]    PDF path: C:\Codes\final_etl\nepse_data\reports\NEPSE_Report_2026-03-26.pdf
[2026-03-26 08:41:50]  PDF saved → C:\Codes\final_etl\nepse_data\reports\NEPSE_Report_2026-03-26.pdf
[2026-03-26 08:41:50]  STEP 3 OK — PDF built: C:\Codes\final_etl\nepse_data\reports\NEPSE_Report_2026-03-26.pdf
[2026-03-26 08:41:50]  STEP 4 — sending email ...
[2026-03-26 08:41:50]    Preparing email to 080bct028h@ioepc.edu.np ...
[2026-03-26 08:41:50]    Attaching PDF: NEPSE_Report_2026-03-26.pdf ...
[2026-03-26 08:41:50]    PDF attached successfully.
[2026-03-26 08:41:50]    Connecting to smtp.gmail.com:587 ...
[2026-03-26 08:41:51]    EHLO OK
[2026-03-26 08:41:52]    STARTTLS OK
[2026-03-26 08:41:52]    Login OK as 080bct046@ioepc.edu.np
[2026-03-26 08:41:57]    Email sent successfully to 080bct028h@ioepc.edu.np
[2026-03-26 08:41:57]  STEP 4 OK — email step complete
[2026-03-26 08:41:57]  ============================================================
[2026-03-26 08:41:57]  Report generation complete.
[2026-03-26 08:41:57]  ============================================================
[2026-03-26 08:42:16]  ============================================================
[2026-03-26 08:42:16]  Report generator started
[2026-03-26 08:42:16]    BASE_DIR : C:\Codes\final_etl
[2026-03-26 08:42:16]    CSV_PATH : C:\Codes\final_etl\nepse_data\live_feed.csv
[2026-03-26 08:42:16]    OUT_DIR  : C:\Codes\final_etl\nepse_data\reports
[2026-03-26 08:42:16]  ============================================================
[2026-03-26 08:42:16]  STEP 0 OK — output dirs created
[2026-03-26 08:42:16]  STEP 1 — loading and transforming CSV ...
[2026-03-26 08:42:16]  Loaded 30 rows for 5 symbol(s) — 2026-03-26
[2026-03-26 08:42:16]  STEP 1 OK — 30 rows, 5 symbol(s): ['ADBL', 'NABIL', 'NICA', 'NTC', 'SCB']
[2026-03-26 08:42:16]  STEP 2 — generating charts ...
[2026-03-26 08:42:16]    Plotting ADBL ...
[2026-03-26 08:42:16]      ADBL summary: open=333.2 close=329.5 change=-3.70 polls=6
[2026-03-26 08:42:16]    Chart saved -> C:\Codes\final_etl\nepse_data\reports\charts\ADBL_chart.png
[2026-03-26 08:42:16]    STEP 2 OK — ADBL chart saved
[2026-03-26 08:42:16]    Plotting NABIL ...
[2026-03-26 08:42:16]      NABIL summary: open=541.0 close=540.0 change=-1.00 polls=6
[2026-03-26 08:42:16]    Chart saved -> C:\Codes\final_etl\nepse_data\reports\charts\NABIL_chart.png
[2026-03-26 08:42:16]    STEP 2 OK — NABIL chart saved
[2026-03-26 08:42:16]    Plotting NICA ...
[2026-03-26 08:42:16]      NICA summary: open=396.4 close=399.2 change=+2.80 polls=6
[2026-03-26 08:42:17]    Chart saved -> C:\Codes\final_etl\nepse_data\reports\charts\NICA_chart.png
[2026-03-26 08:42:17]    STEP 2 OK — NICA chart saved
[2026-03-26 08:42:17]    Plotting NTC ...
[2026-03-26 08:42:17]      NTC summary: open=902.2 close=899.8 change=-2.40 polls=6
[2026-03-26 08:42:17]    Chart saved -> C:\Codes\final_etl\nepse_data\reports\charts\NTC_chart.png
[2026-03-26 08:42:17]    STEP 2 OK — NTC chart saved
[2026-03-26 08:42:17]    Plotting SCB ...
[2026-03-26 08:42:17]      SCB summary: open=677.0 close=675.8 change=-1.20 polls=6
[2026-03-26 08:42:17]    Chart saved -> C:\Codes\final_etl\nepse_data\reports\charts\SCB_chart.png
[2026-03-26 08:42:17]    STEP 2 OK — SCB chart saved
[2026-03-26 08:42:17]  STEP 3 — building PDF ...
[2026-03-26 08:42:17]    PDF path: C:\Codes\final_etl\nepse_data\reports\NEPSE_Report_2026-03-26.pdf
[2026-03-26 08:42:17]  PDF saved → C:\Codes\final_etl\nepse_data\reports\NEPSE_Report_2026-03-26.pdf
[2026-03-26 08:42:17]  STEP 3 OK — PDF built: C:\Codes\final_etl\nepse_data\reports\NEPSE_Report_2026-03-26.pdf
[2026-03-26 08:42:17]  STEP 4 — sending email ...
[2026-03-26 08:42:17]    Preparing email to 080bct028@ioepc.edu.np ...
[2026-03-26 08:42:17]    Attaching PDF: NEPSE_Report_2026-03-26.pdf ...
[2026-03-26 08:42:17]    PDF attached successfully.
[2026-03-26 08:42:17]    Connecting to smtp.gmail.com:587 ...
[2026-03-26 08:42:19]    EHLO OK
[2026-03-26 08:42:19]    STARTTLS OK
[2026-03-26 08:42:20]    Login OK as 080bct046@ioepc.edu.np
[2026-03-26 08:42:23]    Email sent successfully to 080bct028@ioepc.edu.np
[2026-03-26 08:42:23]  STEP 4 OK — email step complete
[2026-03-26 08:42:23]  ============================================================
[2026-03-26 08:42:23]  Report generation complete.
[2026-03-26 08:42:23]  ============================================================
[2026-03-26 08:45:08]  ============================================================
[2026-03-26 08:45:08]  Report generator started
[2026-03-26 08:45:08]    BASE_DIR : C:\Codes\final_etl
[2026-03-26 08:45:08]    CSV_PATH : C:\Codes\final_etl\nepse_data\live_feed.csv
[2026-03-26 08:45:08]    OUT_DIR  : C:\Codes\final_etl\nepse_data\reports
[2026-03-26 08:45:08]  ============================================================
[2026-03-26 08:45:08]  STEP 0 OK — output dirs created
[2026-03-26 08:45:08]  STEP 1 — loading and transforming CSV ...
[2026-03-26 08:45:08]  Loaded 30 rows for 5 symbol(s) — 2026-03-26
[2026-03-26 08:45:08]  STEP 1 OK — 30 rows, 5 symbol(s): ['ADBL', 'NABIL', 'NICA', 'NTC', 'SCB']
[2026-03-26 08:45:08]  STEP 2 — generating charts ...
[2026-03-26 08:45:08]    Plotting ADBL ...
[2026-03-26 08:45:08]      ADBL summary: open=333.2 close=329.5 change=-3.70 polls=6
[2026-03-26 08:45:09]    Chart saved -> C:\Codes\final_etl\nepse_data\reports\charts\ADBL_chart.png
[2026-03-26 08:45:09]    STEP 2 OK — ADBL chart saved
[2026-03-26 08:45:09]    Plotting NABIL ...
[2026-03-26 08:45:09]      NABIL summary: open=541.0 close=540.0 change=-1.00 polls=6
[2026-03-26 08:45:09]    Chart saved -> C:\Codes\final_etl\nepse_data\reports\charts\NABIL_chart.png
[2026-03-26 08:45:09]    STEP 2 OK — NABIL chart saved
[2026-03-26 08:45:09]    Plotting NICA ...
[2026-03-26 08:45:09]      NICA summary: open=396.4 close=399.2 change=+2.80 polls=6
[2026-03-26 08:45:09]    Chart saved -> C:\Codes\final_etl\nepse_data\reports\charts\NICA_chart.png
[2026-03-26 08:45:09]    STEP 2 OK — NICA chart saved
[2026-03-26 08:45:09]    Plotting NTC ...
[2026-03-26 08:45:09]      NTC summary: open=902.2 close=899.8 change=-2.40 polls=6
[2026-03-26 08:45:09]    Chart saved -> C:\Codes\final_etl\nepse_data\reports\charts\NTC_chart.png
[2026-03-26 08:45:09]    STEP 2 OK — NTC chart saved
[2026-03-26 08:45:09]    Plotting SCB ...
[2026-03-26 08:45:09]      SCB summary: open=677.0 close=675.8 change=-1.20 polls=6
[2026-03-26 08:45:09]    Chart saved -> C:\Codes\final_etl\nepse_data\reports\charts\SCB_chart.png
[2026-03-26 08:45:09]    STEP 2 OK — SCB chart saved
[2026-03-26 08:45:09]  STEP 3 — building PDF ...
[2026-03-26 08:45:09]    PDF path: C:\Codes\final_etl\nepse_data\reports\NEPSE_Report_2026-03-26.pdf
[2026-03-26 08:45:10]  PDF saved → C:\Codes\final_etl\nepse_data\reports\NEPSE_Report_2026-03-26.pdf
[2026-03-26 08:45:10]  STEP 3 OK — PDF built: C:\Codes\final_etl\nepse_data\reports\NEPSE_Report_2026-03-26.pdf
[2026-03-26 08:45:10]  STEP 4 — sending email ...
[2026-03-26 08:45:10]    Preparing email to 080bct035@ioepc.edu.np ...
[2026-03-26 08:45:10]    Attaching PDF: NEPSE_Report_2026-03-26.pdf ...
[2026-03-26 08:45:10]    PDF attached successfully.
[2026-03-26 08:45:10]    Connecting to smtp.gmail.com:587 ...
[2026-03-26 08:45:11]    EHLO OK
[2026-03-26 08:45:11]    STARTTLS OK
[2026-03-26 08:45:12]    Login OK as 080bct046@ioepc.edu.np
[2026-03-26 08:45:16]    Email sent successfully to 080bct035@ioepc.edu.np
[2026-03-26 08:45:16]  STEP 4 OK — email step complete
[2026-03-26 08:45:16]  ============================================================
[2026-03-26 08:45:16]  Report generation complete.
[2026-03-26 08:45:16]  ============================================================
